{
  "RSpec": {
    "coverage": {
      "/Users/lydiashafer/Desktop/module3/projects-mod3/wookBook/spec/controllers/events_controller_spec.rb": [
        1,
        null,
        1,
        null,
        1,
        null,
        1,
        1,
        null,
        1,
        null,
        null,
        null
      ],
      "/Users/lydiashafer/Desktop/module3/projects-mod3/wookBook/app/controllers/events_controller.rb": [
        1,
        null,
        1,
        1,
        1,
        null,
        0,
        0,
        0,
        0,
        0,
        null,
        null,
        null,
        null,
        null,
        1,
        0,
        null,
        null,
        1,
        0,
        0,
        0,
        0,
        0,
        0,
        null,
        null,
        1,
        null,
        1,
        0,
        0,
        0,
        null,
        null
      ],
      "/Users/lydiashafer/Desktop/module3/projects-mod3/wookBook/app/controllers/application_controller.rb": [
        1,
        null,
        1,
        null,
        1,
        null,
        1,
        0,
        null,
        null,
        1,
        0,
        0,
        null,
        null,
        null,
        1,
        0,
        null,
        null
      ],
      "/Users/lydiashafer/Desktop/module3/projects-mod3/wookBook/spec/controllers/sessions_controller_spec.rb": [
        1,
        null,
        1,
        null,
        1,
        null,
        1,
        1,
        2,
        null,
        null,
        1,
        1,
        null,
        null,
        null,
        null,
        null,
        null,
        null,
        null,
        null,
        1,
        1,
        null,
        null,
        1,
        1,
        null,
        null,
        null,
        null,
        null,
        null,
        null,
        null,
        null,
        1,
        null,
        1,
        null,
        null,
        null,
        null,
        null,
        null,
        null,
        null,
        null,
        1,
        1,
        null,
        null,
        null
      ],
      "/Users/lydiashafer/Desktop/module3/projects-mod3/wookBook/app/controllers/sessions_controller.rb": [
        1,
        null,
        1,
        2,
        2,
        2,
        2,
        null,
        0,
        0,
        null,
        null,
        null,
        1,
        0,
        0,
        null,
        null,
        1,
        null,
        1,
        2,
        null,
        null
      ],
      "/Users/lydiashafer/Desktop/module3/projects-mod3/wookBook/spec/feature/user_spec.rb": [
        1,
        null,
        1,
        1,
        null,
        1,
        0,
        null,
        null,
        null,
        1,
        0,
        null,
        null,
        null,
        null,
        null,
        null,
        null,
        null,
        null,
        null,
        null,
        null
      ],
      "/Users/lydiashafer/Desktop/module3/projects-mod3/wookBook/spec/helpers/events_helper_spec.rb": [
        1,
        null,
        null,
        null,
        null,
        null,
        null,
        null,
        null,
        null,
        null,
        null,
        1,
        1,
        null
      ],
      "/Users/lydiashafer/Desktop/module3/projects-mod3/wookBook/spec/helpers/sessions_helper_spec.rb": [
        1,
        null,
        null,
        null,
        null,
        null,
        null,
        null,
        null,
        null,
        null,
        null,
        1,
        1,
        null
      ],
      "/Users/lydiashafer/Desktop/module3/projects-mod3/wookBook/spec/models/artist_spec.rb": [
        1,
        null,
        1,
        1,
        null
      ],
      "/Users/lydiashafer/Desktop/module3/projects-mod3/wookBook/app/models/artist.rb": [
        1,
        11,
        1,
        1,
        null
      ],
      "/Users/lydiashafer/Desktop/module3/projects-mod3/wookBook/spec/models/event_spec.rb": [
        1,
        null,
        1,
        1,
        null,
        5,
        5,
        null,
        5,
        null,
        null,
        null,
        null,
        null,
        null,
        null,
        null,
        5,
        null,
        null,
        null,
        null,
        null,
        null,
        null,
        5,
        5,
        null,
        null,
        1,
        1,
        null,
        1,
        1,
        1,
        null,
        null,
        1,
        1,
        null,
        1,
        1,
        1,
        null,
        null,
        1,
        1,
        null,
        1,
        1,
        null,
        null,
        1,
        1,
        null,
        1,
        1,
        null,
        null,
        1,
        1,
        null,
        1,
        1,
        null,
        null
      ],
      "/Users/lydiashafer/Desktop/module3/projects-mod3/wookBook/app/models/event.rb": [
        1,
        1,
        1,
        1,
        1,
        null,
        1,
        1,
        null,
        1,
        1,
        null,
        1,
        1,
        null,
        1,
        null,
        1,
        1,
        2,
        2,
        1,
        1,
        null,
        null,
        2,
        2,
        null,
        null,
        1,
        0,
        0,
        null,
        null,
        null,
        1,
        0,
        null,
        0,
        null,
        0,
        null,
        0,
        null,
        0,
        0,
        null,
        null,
        null,
        null,
        null,
        null,
        null,
        null,
        0,
        null,
        null,
        null,
        null,
        null,
        null,
        null,
        0,
        0,
        null,
        null,
        null,
        0,
        null,
        null,
        0,
        null,
        null,
        1,
        10,
        5,
        5,
        5,
        5,
        null,
        5,
        5,
        null,
        5,
        null,
        null,
        null,
        1,
        0,
        null,
        null,
        1,
        10,
        null,
        null
      ],
      "/Users/lydiashafer/Desktop/module3/projects-mod3/wookBook/spec/models/location_spec.rb": [
        1,
        null,
        1,
        1,
        null
      ],
      "/Users/lydiashafer/Desktop/module3/projects-mod3/wookBook/app/models/location.rb": [
        1,
        1,
        1,
        null,
        1,
        1,
        null,
        1,
        0,
        0,
        0,
        null,
        null
      ],
      "/Users/lydiashafer/Desktop/module3/projects-mod3/wookBook/spec/models/unauthenticated_user_spec.rb": [
        1,
        null,
        1,
        null,
        null,
        null
      ],
      "/Users/lydiashafer/Desktop/module3/projects-mod3/wookBook/app/models/user.rb": [
        1,
        1,
        1,
        null,
        1,
        3,
        3,
        3,
        3,
        3,
        3,
        null,
        null,
        1,
        null,
        null,
        null,
        null
      ],
      "/Users/lydiashafer/Desktop/module3/projects-mod3/wookBook/spec/models/venue_spec.rb": [
        1,
        null,
        1,
        1,
        null
      ],
      "/Users/lydiashafer/Desktop/module3/projects-mod3/wookBook/app/models/venue.rb": [
        1,
        1,
        null
      ],
      "/Users/lydiashafer/Desktop/module3/projects-mod3/wookBook/spec/services/event_services_spec.rb": [
        1,
        null,
        1,
        1,
        1,
        1,
        null,
        1,
        null,
        null,
        1,
        0,
        0,
        null,
        0,
        null,
        null,
        1,
        0,
        0,
        null,
        0,
        null,
        null
      ],
      "/Users/lydiashafer/Desktop/module3/projects-mod3/wookBook/app/services/event_services.rb": [
        1,
        1,
        null,
        1,
        null,
        1,
        1,
        null,
        1,
        null,
        null,
        1,
        null,
        1,
        1,
        3,
        1,
        null,
        null,
        1,
        1,
        null,
        null
      ],
      "/Users/lydiashafer/Desktop/module3/projects-mod3/wookBook/app/models/artists_event.rb": [
        1,
        1,
        1,
        null,
        null
      ]
    },
    "timestamp": 1428703018
  }
}
